1                                                          The SAS System                               23:29 Monday, March 11, 2024

NOTE: Copyright (c) 2016 by SAS Institute Inc., Cary, NC, USA. 
NOTE: SAS (r) Proprietary Software 9.4 (TS1M6) 
      Licensed to RHO INCORPORATED NODE 1-4, Site 70170299.
NOTE: This session is executing on the X64_SRV19  platform.



NOTE: Analytical products:
      
      SAS/STAT 15.1
      SAS/IML 15.1

NOTE: Additional host information:

 X64_SRV19 WIN 10.0.17763  Server

NOTE: SAS initialization used:
      real time           0.21 seconds
      cpu time            0.20 seconds
      
NOTE: Libref SASDATA successfully assigned from logical server.
NOTE: Libref STPSAMP successfully assigned from logical server.
NOTE: Libref SASTST94 successfully assigned from logical server.
NOTE: Libref SASTST94 refers to the same physical library as SASHELP.

NOTE: AUTOEXEC processing beginning; file is \\drive_i\SAS94GridConfig\Lev1\SASAppPGRD94\appserver_autoexec.sas.


NOTE: AUTOEXEC processing completed.

1          proc import datafile='H:\trigat\dat\dat_twisk_l.csv' out=dat_twisk_l replace;
1        !                                                                               run;

NOTE: Unable to open parameter catalog: SASUSER.PARMS.PARMS.SLIST in update mode. Temporary parameter values will be saved to 
WORK.PARMS.PARMS.SLIST.
2           /**********************************************************************
3           *   PRODUCT:   SAS
4           *   VERSION:   9.4
5           *   CREATOR:   External File Interface
6           *   DATE:      11MAR24
7           *   DESC:      Generated SAS Datastep Code
8           *   TEMPLATE SOURCE:  (None Specified.)
9           ***********************************************************************/
10             data WORK.DAT_TWISK_L    ;
11             %let _EFIERR_ = 0; /* set the ERROR detection macro variable */
12             infile 'H:\trigat\dat\dat_twisk_l.csv' delimiter = ',' MISSOVER DSD lrecl=32767 firstobs=2 ;
13                informat USUBJID $7. ;
14                informat TRT01PN best32. ;
15                informat TRT01P $3. ;
16                informat AVISIT $7. ;
17                informat AVAL best32. ;
18                informat AVISITN best32. ;
19                informat BASE best32. ;
20                informat CHG best32. ;
21                informat ABLFL $1. ;
22                format USUBJID $7. ;
23                format TRT01PN best12. ;
24                format TRT01P $3. ;
2                                                          The SAS System                               23:29 Monday, March 11, 2024

25                format AVISIT $7. ;
26                format AVAL best12. ;
27                format AVISITN best12. ;
28                format BASE best12. ;
29                format CHG best12. ;
30                format ABLFL $1. ;
31             input
32                         USUBJID  $
33                         TRT01PN
34                         TRT01P  $
35                         AVISIT  $
36                         AVAL
37                         AVISITN
38                         BASE
39                         CHG
40                         ABLFL  $
41             ;
42             if _ERROR_ then call symputx('_EFIERR_',1);  /* set ERROR detection macro variable */
43             run;

NOTE: The infile 'H:\trigat\dat\dat_twisk_l.csv' is:
      Filename=H:\trigat\dat\dat_twisk_l.csv,
      RECFM=V,LRECL=32767,File Size (bytes)=16602,
      Last Modified=11Mar2024:17:26:01,
      Create Time=11Mar2024:14:45:08

NOTE: 456 records were read from the infile 'H:\trigat\dat\dat_twisk_l.csv'.
      The minimum record length was 27.
      The maximum record length was 37.
NOTE: The data set WORK.DAT_TWISK_L has 456 observations and 9 variables.
NOTE: Compressing data set WORK.DAT_TWISK_L increased size by 100.00 percent. 
      Compressed is 2 pages; un-compressed would require 1 pages.
NOTE: DATA statement used (Total process time):
      real time           0.04 seconds
      cpu time            0.04 seconds
      

456 rows created in WORK.DAT_TWISK_L from H:\trigat\dat\dat_twisk_l.csv.
  
  
  
NOTE: WORK.DAT_TWISK_L data set was successfully created.
NOTE: The data set WORK.DAT_TWISK_L has 456 observations and 9 variables.
NOTE: PROCEDURE IMPORT used (Total process time):
      real time           0.21 seconds
      cpu time            0.20 seconds
      

44         
45         data dat_twisk_l;
46          set dat_twisk_l;
47          if AVISIT = "Week 12" then Week_12 = 1; else Week_12 = 0;
48          if AVISIT = "Week 24" then Week_24 = 1; else Week_24 = 0;
49         run;

NOTE: There were 456 observations read from the data set WORK.DAT_TWISK_L.
NOTE: The data set WORK.DAT_TWISK_L has 456 observations and 11 variables.
NOTE: Compressing data set WORK.DAT_TWISK_L increased size by 100.00 percent. 
3                                                          The SAS System                               23:29 Monday, March 11, 2024

      Compressed is 2 pages; un-compressed would require 1 pages.
NOTE: DATA statement used (Total process time):
      real time           0.00 seconds
      cpu time            0.00 seconds
      

50         run;
51         
52         ods html file='H:\trigat\mod\sas\m2d.html' style=HTMLEncore;
NOTE: Writing HTML Body file: H:\trigat\mod\sas\m2d.html
53         
54         proc glimmix data=dat_twisk_l noclprint = 10;
55          class USUBJID TRT01P (ref = first);
56          model AVAL = Week_12 Week_24 Week_12*TRT01P Week_24*TRT01P / solution ddfm=satterthwaite;
57          random _residual_ / subject=USUBJID type=un;
58         run;



WARNING: Class levels for USUBJID are not printed because of excessive size.
NOTE: Some observations are not used in the analysis because of: missing response values (n=68).
WARNING: The R matrix depends on observation order within subjects. Omitting observations from the analysis because of missing 
         values can affect this matrix. Consider using a classification effect in the RANDOM _RESIDUAL_ statement to determine 
         ordering in the R matrix.
NOTE: Convergence criterion (GCONV=1E-8) satisfied.
NOTE: The PROCEDURE GLIMMIX printed pages 1-3.
NOTE: PROCEDURE GLIMMIX used (Total process time):
      real time           0.16 seconds
      cpu time            0.15 seconds
      

59         
60         ods html close;
61         

NOTE: SAS Institute Inc., SAS Campus Drive, Cary, NC USA 27513-2414
NOTE: The SAS System used:
      real time           0.86 seconds
      cpu time            0.78 seconds
      
